app/mailbox/build/intermediates/manifest_merge_blame_file/debug/manifest-merger-blame-debug-report.txt
1<?xml version="1.0" encoding="utf-8"?>
2<manifest xmlns:android="http://schemas.android.com/apk/res/android"
3    xmlns:dist="http://schemas.android.com/apk/distribution"
4    package="com.fsck.MailBox.debug"
5    android:versionCode="27003"
6    android:versionName="5.704-SNAPSHOT" >
7
8    <uses-sdk
9        android:minSdkVersion="21"
9-->src\main\AndroidManifest.xml
10        android:targetSdkVersion="28" />
10-->src\main\AndroidManifest.xml
11
12    <dist:module dist:instant="true" />
12-->src\main\AndroidManifest.xml:7:5-40
12-->src\main\AndroidManifest.xml:7:18-37
13
14    <uses-permission android:name="android.permission.READ_SYNC_SETTINGS" />
14-->[:app:core] AndroidManifest.xml:10:5-77
14-->[:app:core] AndroidManifest.xml:10:22-74
15    <uses-permission android:name="android.permission.WAKE_LOCK" />
15-->[com.evernote:android-job:1.2.6] AndroidManifest.xml:12:5-68
15-->[com.evernote:android-job:1.2.6] AndroidManifest.xml:12:22-65
16    <uses-permission android:name="android.permission.ACCESS_NETWORK_STATE" />
16-->[com.evernote:android-job:1.2.6] AndroidManifest.xml:13:5-79
16-->[com.evernote:android-job:1.2.6] AndroidManifest.xml:13:22-76
17    <uses-permission android:name="android.permission.RECEIVE_BOOT_COMPLETED" /> <!-- android:name="k9 -->
17-->[com.evernote:android-job:1.2.6] AndroidManifest.xml:14:5-81
17-->[com.evernote:android-job:1.2.6] AndroidManifest.xml:14:22-78
18    <application
18-->src\main\AndroidManifest.xml:11:5-107:19
19        android:name="com.fsck.k9.App"
19-->src\main\AndroidManifest.xml:12:9-39
20        android:allowBackup="false"
20-->src\main\AndroidManifest.xml:19:9-36
21        android:allowTaskReparenting="false"
21-->src\main\AndroidManifest.xml:13:9-45
22        android:appComponentFactory="androidx.core.app.CoreComponentFactory"
22-->[androidx.core:core:1.2.0-alpha03] AndroidManifest.xml:24:18-86
23        android:debuggable="true"
24        android:icon="@mipmap/ic_launcher"
24-->src\main\AndroidManifest.xml:15:9-43
25        android:label="@string/app_name"
25-->src\main\AndroidManifest.xml:16:9-41
26        android:resizeableActivity="true"
26-->src\main\AndroidManifest.xml:18:9-42
27        android:testOnly="true"
28        android:theme="@style/Theme.K9.Startup"
28-->src\main\AndroidManifest.xml:17:9-48
29        android:usesCleartextTraffic="true" >
29-->src\main\AndroidManifest.xml:14:9-44
30
31        <!--
32        android:roundIcon="@mipmap/ic_launcher_round"
33        android:supportsRtl="true"
34        android:theme="@style/AppTheme"
35        tools:ignore="GoogleAppIndexingWarning"
36        -->
37        <!-- android:name="com.fsck.k9.App" ExceptionInInitializerError -->
38        <!-- android:allowBackup="true" -->
39
40        <meta-data
40-->src\main\AndroidManifest.xml:30:9-32:58
41            android:name="android.app.default_searchable"
41-->src\main\AndroidManifest.xml:31:13-58
42            android:value="com.fsck.k9.activity.Search" />
42-->src\main\AndroidManifest.xml:32:13-56
43
44        <!-- TODO: Remove once minSdkVersion has been changed to 24+ -->
45        <meta-data
45-->src\main\AndroidManifest.xml:35:9-37:35
46            android:name="com.lge.support.SPLIT_WINDOW"
46-->src\main\AndroidManifest.xml:36:13-56
47            android:value="true" />
47-->src\main\AndroidManifest.xml:37:13-33
48
49        <uses-library
49-->src\main\AndroidManifest.xml:38:9-40:39
50            android:name="com.sec.android.app.multiwindow"
50-->src\main\AndroidManifest.xml:39:13-59
51            android:required="false" />
51-->src\main\AndroidManifest.xml:40:13-37
52
53        <meta-data
53-->src\main\AndroidManifest.xml:41:9-43:35
54            android:name="com.sec.android.support.multiwindow"
54-->src\main\AndroidManifest.xml:42:13-63
55            android:value="true" />
55-->src\main\AndroidManifest.xml:43:13-33
56        <meta-data
56-->src\main\AndroidManifest.xml:44:9-46:35
57            android:name="com.samsung.android.sdk.multiwindow.penwindow.enable"
57-->src\main\AndroidManifest.xml:45:13-80
58            android:value="true" />
58-->src\main\AndroidManifest.xml:46:13-33
59
60        <!-- activity-alias so old launcher shortcuts work -->
61        <!-- TODO: Remove after 2020-12-31 -->
62
63        <activity
63-->src\main\AndroidManifest.xml:51:9-60:20
64            android:name="com.fsck.k9.MainActivity"
64-->src\main\AndroidManifest.xml:52:13-52
65            android:label="@string/app_name"
65-->src\main\AndroidManifest.xml:53:13-45
66            android:theme="@style/AppTheme.NoActionBar" >
66-->src\main\AndroidManifest.xml:54:13-56
67            <intent-filter>
67-->src\main\AndroidManifest.xml:55:13-59:29
68
69                <!-- <action android:name="android.intent.action.MAIN" /> -->
70
71                <category android:name="android.intent.category.LAUNCHER" />
71-->src\main\AndroidManifest.xml:58:17-77
71-->src\main\AndroidManifest.xml:58:27-74
72            </intent-filter>
73        </activity>
74
75        <!-- 最开始欢迎界面 -->
76        <activity
76-->src\main\AndroidManifest.xml:68:9-70:61
77            android:name="com.fsck.k9.ui.onboarding.OnboardingActivity"
77-->src\main\AndroidManifest.xml:69:13-72
78            android:label="@string/welcome_message_title" />
78-->src\main\AndroidManifest.xml:70:13-58
79
80        <!-- 启动活动 -->
81        <activity android:name="com.fsck.k9.activity.MessageList" >
81-->src\main\AndroidManifest.xml:78:9-95:20
81-->src\main\AndroidManifest.xml:78:19-55
82            <intent-filter>
82-->src\main\AndroidManifest.xml:79:13-87:29
83                <action android:name="android.intent.action.MAIN" />
83-->src\main\AndroidManifest.xml:80:17-68
83-->src\main\AndroidManifest.xml:80:25-66
84
85                <category android:name="android.intent.category.DEFAULT" />
85-->src\main\AndroidManifest.xml:82:17-75
85-->src\main\AndroidManifest.xml:82:27-73
86                <category android:name="android.intent.category.LAUNCHER" />
86-->src\main\AndroidManifest.xml:58:17-77
86-->src\main\AndroidManifest.xml:58:27-74
87                <!-- TODO: Remove once minSdkVersion has been changed to 24+ -->
88                <category android:name="android.intent.category.MULTIWINDOW_LAUNCHER" />
88-->src\main\AndroidManifest.xml:85:17-88
88-->src\main\AndroidManifest.xml:85:27-86
89                <category android:name="android.intent.category.PENWINDOW_LAUNCHER" />
89-->src\main\AndroidManifest.xml:86:17-86
89-->src\main\AndroidManifest.xml:86:27-84
90            </intent-filter>
91            <intent-filter>
91-->src\main\AndroidManifest.xml:88:13-94:29
92                <action android:name="android.intent.action.VIEW" />
92-->src\main\AndroidManifest.xml:89:17-68
92-->src\main\AndroidManifest.xml:89:25-66
93
94                <data
94-->src\main\AndroidManifest.xml:90:17-92:45
95                    android:host="messages"
95-->src\main\AndroidManifest.xml:91:21-44
96                    android:scheme="email" />
96-->src\main\AndroidManifest.xml:92:21-43
97
98                <category android:name="android.intent.category.DEFAULT" />
98-->src\main\AndroidManifest.xml:82:17-75
98-->src\main\AndroidManifest.xml:82:27-73
99            </intent-filter>
100        </activity>
101
102        <activity-alias
102-->src\main\AndroidManifest.xml:72:9-75:39
103            android:name="com.fsck.k9.activity.FolderList"
103-->src\main\AndroidManifest.xml:73:13-48
104            android:exported="true"
104-->src\main\AndroidManifest.xml:75:13-36
105            android:targetActivity="com.fsck.k9.activity.MessageList" />
105-->src\main\AndroidManifest.xml:74:13-59
106        <activity-alias
106-->src\main\AndroidManifest.xml:62:9-65:39
107            android:name="com.fsck.k9.activity.Accounts"
107-->src\main\AndroidManifest.xml:63:13-46
108            android:exported="true"
108-->src\main\AndroidManifest.xml:65:13-36
109            android:targetActivity="com.fsck.k9.activity.MessageList" />
109-->src\main\AndroidManifest.xml:64:13-59
110
111        <activity
111-->src\main\AndroidManifest.xml:97:9-105:20
112            android:name="com.fsck.k9.activity.LauncherShortcuts"
112-->src\main\AndroidManifest.xml:98:13-55
113            android:configChanges="locale"
113-->src\main\AndroidManifest.xml:99:13-43
114            android:label="@string/shortcuts_title" >
114-->src\main\AndroidManifest.xml:100:13-52
115            <intent-filter>
115-->src\main\AndroidManifest.xml:101:13-104:29
116                <action android:name="android.intent.action.CREATE_SHORTCUT" />
116-->src\main\AndroidManifest.xml:102:17-79
116-->src\main\AndroidManifest.xml:102:25-77
117
118                <category android:name="android.intent.category.DEFAULT" />
118-->src\main\AndroidManifest.xml:82:17-75
118-->src\main\AndroidManifest.xml:82:27-73
119            </intent-filter>
120        </activity>
121
122        <provider
122-->[com.mikepenz:iconics-core:4.0.2] AndroidManifest.xml:27:9-32:39
123            android:name="com.mikepenz.iconics.IconicsContentProvider"
123-->[com.mikepenz:iconics-core:4.0.2] AndroidManifest.xml:28:13-71
124            android:authorities="com.fsck.MailBox.debug.iconics.core.provider"
124-->[com.mikepenz:iconics-core:4.0.2] AndroidManifest.xml:29:13-73
125            android:enabled="@bool/is_iconics_content_provider_enabled"
125-->[com.mikepenz:iconics-core:4.0.2] AndroidManifest.xml:30:13-72
126            android:exported="false"
126-->[com.mikepenz:iconics-core:4.0.2] AndroidManifest.xml:31:13-37
127            android:initOrder="100" />
127-->[com.mikepenz:iconics-core:4.0.2] AndroidManifest.xml:32:13-36
128
129        <service
129-->[com.evernote:android-job:1.2.6] AndroidManifest.xml:17:9-20:72
130            android:name="com.evernote.android.job.v21.PlatformJobService"
130-->[com.evernote:android-job:1.2.6] AndroidManifest.xml:18:13-75
131            android:exported="false"
131-->[com.evernote:android-job:1.2.6] AndroidManifest.xml:19:13-37
132            android:permission="android.permission.BIND_JOB_SERVICE" />
132-->[com.evernote:android-job:1.2.6] AndroidManifest.xml:20:13-69
133        <service
133-->[com.evernote:android-job:1.2.6] AndroidManifest.xml:21:9-24:72
134            android:name="com.evernote.android.job.v14.PlatformAlarmService"
134-->[com.evernote:android-job:1.2.6] AndroidManifest.xml:22:13-77
135            android:exported="false"
135-->[com.evernote:android-job:1.2.6] AndroidManifest.xml:23:13-37
136            android:permission="android.permission.BIND_JOB_SERVICE" />
136-->[com.evernote:android-job:1.2.6] AndroidManifest.xml:24:13-69
137        <service
137-->[com.evernote:android-job:1.2.6] AndroidManifest.xml:25:9-27:40
138            android:name="com.evernote.android.job.v14.PlatformAlarmServiceExact"
138-->[com.evernote:android-job:1.2.6] AndroidManifest.xml:26:13-82
139            android:exported="false" />
139-->[com.evernote:android-job:1.2.6] AndroidManifest.xml:27:13-37
140
141        <receiver
141-->[com.evernote:android-job:1.2.6] AndroidManifest.xml:29:9-38:20
142            android:name="com.evernote.android.job.v14.PlatformAlarmReceiver"
142-->[com.evernote:android-job:1.2.6] AndroidManifest.xml:30:13-78
143            android:exported="false" >
143-->[com.evernote:android-job:1.2.6] AndroidManifest.xml:31:13-37
144            <intent-filter>
144-->[com.evernote:android-job:1.2.6] AndroidManifest.xml:32:13-37:29
145
146                <!-- Keep the filter for legacy intents -->
147                <action android:name="com.evernote.android.job.v14.RUN_JOB" />
147-->[com.evernote:android-job:1.2.6] AndroidManifest.xml:35:17-79
147-->[com.evernote:android-job:1.2.6] AndroidManifest.xml:35:25-76
148                <action android:name="net.vrallev.android.job.v14.RUN_JOB" />
148-->[com.evernote:android-job:1.2.6] AndroidManifest.xml:36:17-78
148-->[com.evernote:android-job:1.2.6] AndroidManifest.xml:36:25-75
149            </intent-filter>
150        </receiver>
151        <receiver
151-->[com.evernote:android-job:1.2.6] AndroidManifest.xml:39:9-48:20
152            android:name="com.evernote.android.job.JobBootReceiver"
152-->[com.evernote:android-job:1.2.6] AndroidManifest.xml:40:13-68
153            android:exported="false" >
153-->[com.evernote:android-job:1.2.6] AndroidManifest.xml:41:13-37
154            <intent-filter>
154-->[com.evernote:android-job:1.2.6] AndroidManifest.xml:42:13-47:29
155                <action android:name="android.intent.action.BOOT_COMPLETED" />
155-->[com.evernote:android-job:1.2.6] AndroidManifest.xml:43:17-79
155-->[com.evernote:android-job:1.2.6] AndroidManifest.xml:43:25-76
156                <action android:name="android.intent.action.QUICKBOOT_POWERON" />
156-->[com.evernote:android-job:1.2.6] AndroidManifest.xml:44:17-82
156-->[com.evernote:android-job:1.2.6] AndroidManifest.xml:44:25-79
157                <action android:name="com.htc.intent.action.QUICKBOOT_POWERON" />
157-->[com.evernote:android-job:1.2.6] AndroidManifest.xml:45:17-82
157-->[com.evernote:android-job:1.2.6] AndroidManifest.xml:45:25-79
158                <action android:name="android.intent.action.MY_PACKAGE_REPLACED" />
158-->[com.evernote:android-job:1.2.6] AndroidManifest.xml:46:17-84
158-->[com.evernote:android-job:1.2.6] AndroidManifest.xml:46:25-81
159            </intent-filter>
160        </receiver>
161
162        <service
162-->[com.evernote:android-job:1.2.6] AndroidManifest.xml:50:9-58:19
163            android:name="com.evernote.android.job.gcm.PlatformGcmService"
163-->[com.evernote:android-job:1.2.6] AndroidManifest.xml:51:13-75
164            android:enabled="false"
164-->[com.evernote:android-job:1.2.6] AndroidManifest.xml:52:13-36
165            android:exported="true"
165-->[com.evernote:android-job:1.2.6] AndroidManifest.xml:53:13-36
166            android:permission="com.google.android.gms.permission.BIND_NETWORK_TASK_SERVICE" >
166-->[com.evernote:android-job:1.2.6] AndroidManifest.xml:54:13-93
167            <intent-filter>
167-->[com.evernote:android-job:1.2.6] AndroidManifest.xml:55:13-57:29
168                <action android:name="com.google.android.gms.gcm.ACTION_TASK_READY" />
168-->[com.evernote:android-job:1.2.6] AndroidManifest.xml:56:17-87
168-->[com.evernote:android-job:1.2.6] AndroidManifest.xml:56:25-84
169            </intent-filter>
170        </service>
171        <service
171-->[com.evernote:android-job:1.2.6] AndroidManifest.xml:59:9-62:72
172            android:name="com.evernote.android.job.JobRescheduleService"
172-->[com.evernote:android-job:1.2.6] AndroidManifest.xml:60:13-73
173            android:exported="false"
173-->[com.evernote:android-job:1.2.6] AndroidManifest.xml:61:13-37
174            android:permission="android.permission.BIND_JOB_SERVICE" />
174-->[com.evernote:android-job:1.2.6] AndroidManifest.xml:62:13-69
175        <service
175-->[androidx.work:work-runtime:2.2.0] AndroidManifest.xml:38:9-43:35
176            android:name="androidx.work.impl.background.systemalarm.SystemAlarmService"
176-->[androidx.work:work-runtime:2.2.0] AndroidManifest.xml:39:13-88
177            android:directBootAware="false"
177-->[androidx.work:work-runtime:2.2.0] AndroidManifest.xml:40:13-44
178            android:enabled="@bool/enable_system_alarm_service_default"
178-->[androidx.work:work-runtime:2.2.0] AndroidManifest.xml:41:13-72
179            android:exported="false" />
179-->[androidx.work:work-runtime:2.2.0] AndroidManifest.xml:42:13-37
180        <service
180-->[androidx.work:work-runtime:2.2.0] AndroidManifest.xml:44:9-50:35
181            android:name="androidx.work.impl.background.systemjob.SystemJobService"
181-->[androidx.work:work-runtime:2.2.0] AndroidManifest.xml:45:13-84
182            android:directBootAware="false"
182-->[androidx.work:work-runtime:2.2.0] AndroidManifest.xml:46:13-44
183            android:enabled="@bool/enable_system_job_service_default"
183-->[androidx.work:work-runtime:2.2.0] AndroidManifest.xml:47:13-70
184            android:exported="true"
184-->[androidx.work:work-runtime:2.2.0] AndroidManifest.xml:48:13-36
185            android:permission="android.permission.BIND_JOB_SERVICE" />
185-->[androidx.work:work-runtime:2.2.0] AndroidManifest.xml:49:13-69
186
187        <receiver
187-->[androidx.work:work-runtime:2.2.0] AndroidManifest.xml:52:9-57:35
188            android:name="androidx.work.impl.utils.ForceStopRunnable$BroadcastReceiver"
188-->[androidx.work:work-runtime:2.2.0] AndroidManifest.xml:53:13-88
189            android:directBootAware="false"
189-->[androidx.work:work-runtime:2.2.0] AndroidManifest.xml:54:13-44
190            android:enabled="true"
190-->[androidx.work:work-runtime:2.2.0] AndroidManifest.xml:55:13-35
191            android:exported="false" />
191-->[androidx.work:work-runtime:2.2.0] AndroidManifest.xml:56:13-37
192        <receiver
192-->[androidx.work:work-runtime:2.2.0] AndroidManifest.xml:58:9-68:20
193            android:name="androidx.work.impl.background.systemalarm.ConstraintProxy$BatteryChargingProxy"
193-->[androidx.work:work-runtime:2.2.0] AndroidManifest.xml:59:13-106
194            android:directBootAware="false"
194-->[androidx.work:work-runtime:2.2.0] AndroidManifest.xml:60:13-44
195            android:enabled="false"
195-->[androidx.work:work-runtime:2.2.0] AndroidManifest.xml:61:13-36
196            android:exported="false" >
196-->[androidx.work:work-runtime:2.2.0] AndroidManifest.xml:62:13-37
197            <intent-filter>
197-->[androidx.work:work-runtime:2.2.0] AndroidManifest.xml:64:13-67:29
198                <action android:name="android.intent.action.ACTION_POWER_CONNECTED" />
198-->[androidx.work:work-runtime:2.2.0] AndroidManifest.xml:65:17-87
198-->[androidx.work:work-runtime:2.2.0] AndroidManifest.xml:65:25-84
199                <action android:name="android.intent.action.ACTION_POWER_DISCONNECTED" />
199-->[androidx.work:work-runtime:2.2.0] AndroidManifest.xml:66:17-90
199-->[androidx.work:work-runtime:2.2.0] AndroidManifest.xml:66:25-87
200            </intent-filter>
201        </receiver>
202        <receiver
202-->[androidx.work:work-runtime:2.2.0] AndroidManifest.xml:69:9-79:20
203            android:name="androidx.work.impl.background.systemalarm.ConstraintProxy$BatteryNotLowProxy"
203-->[androidx.work:work-runtime:2.2.0] AndroidManifest.xml:70:13-104
204            android:directBootAware="false"
204-->[androidx.work:work-runtime:2.2.0] AndroidManifest.xml:71:13-44
205            android:enabled="false"
205-->[androidx.work:work-runtime:2.2.0] AndroidManifest.xml:72:13-36
206            android:exported="false" >
206-->[androidx.work:work-runtime:2.2.0] AndroidManifest.xml:73:13-37
207            <intent-filter>
207-->[androidx.work:work-runtime:2.2.0] AndroidManifest.xml:75:13-78:29
208                <action android:name="android.intent.action.BATTERY_OKAY" />
208-->[androidx.work:work-runtime:2.2.0] AndroidManifest.xml:76:17-77
208-->[androidx.work:work-runtime:2.2.0] AndroidManifest.xml:76:25-74
209                <action android:name="android.intent.action.BATTERY_LOW" />
209-->[androidx.work:work-runtime:2.2.0] AndroidManifest.xml:77:17-76
209-->[androidx.work:work-runtime:2.2.0] AndroidManifest.xml:77:25-73
210            </intent-filter>
211        </receiver>
212        <receiver
212-->[androidx.work:work-runtime:2.2.0] AndroidManifest.xml:80:9-90:20
213            android:name="androidx.work.impl.background.systemalarm.ConstraintProxy$StorageNotLowProxy"
213-->[androidx.work:work-runtime:2.2.0] AndroidManifest.xml:81:13-104
214            android:directBootAware="false"
214-->[androidx.work:work-runtime:2.2.0] AndroidManifest.xml:82:13-44
215            android:enabled="false"
215-->[androidx.work:work-runtime:2.2.0] AndroidManifest.xml:83:13-36
216            android:exported="false" >
216-->[androidx.work:work-runtime:2.2.0] AndroidManifest.xml:84:13-37
217            <intent-filter>
217-->[androidx.work:work-runtime:2.2.0] AndroidManifest.xml:86:13-89:29
218                <action android:name="android.intent.action.DEVICE_STORAGE_LOW" />
218-->[androidx.work:work-runtime:2.2.0] AndroidManifest.xml:87:17-83
218-->[androidx.work:work-runtime:2.2.0] AndroidManifest.xml:87:25-80
219                <action android:name="android.intent.action.DEVICE_STORAGE_OK" />
219-->[androidx.work:work-runtime:2.2.0] AndroidManifest.xml:88:17-82
219-->[androidx.work:work-runtime:2.2.0] AndroidManifest.xml:88:25-79
220            </intent-filter>
221        </receiver>
222        <receiver
222-->[androidx.work:work-runtime:2.2.0] AndroidManifest.xml:91:9-100:20
223            android:name="androidx.work.impl.background.systemalarm.ConstraintProxy$NetworkStateProxy"
223-->[androidx.work:work-runtime:2.2.0] AndroidManifest.xml:92:13-103
224            android:directBootAware="false"
224-->[androidx.work:work-runtime:2.2.0] AndroidManifest.xml:93:13-44
225            android:enabled="false"
225-->[androidx.work:work-runtime:2.2.0] AndroidManifest.xml:94:13-36
226            android:exported="false" >
226-->[androidx.work:work-runtime:2.2.0] AndroidManifest.xml:95:13-37
227            <intent-filter>
227-->[androidx.work:work-runtime:2.2.0] AndroidManifest.xml:97:13-99:29
228                <action android:name="android.net.conn.CONNECTIVITY_CHANGE" />
228-->[androidx.work:work-runtime:2.2.0] AndroidManifest.xml:98:17-79
228-->[androidx.work:work-runtime:2.2.0] AndroidManifest.xml:98:25-76
229            </intent-filter>
230        </receiver>
231        <receiver
231-->[androidx.work:work-runtime:2.2.0] AndroidManifest.xml:101:9-112:20
232            android:name="androidx.work.impl.background.systemalarm.RescheduleReceiver"
232-->[androidx.work:work-runtime:2.2.0] AndroidManifest.xml:102:13-88
233            android:directBootAware="false"
233-->[androidx.work:work-runtime:2.2.0] AndroidManifest.xml:103:13-44
234            android:enabled="false"
234-->[androidx.work:work-runtime:2.2.0] AndroidManifest.xml:104:13-36
235            android:exported="false" >
235-->[androidx.work:work-runtime:2.2.0] AndroidManifest.xml:105:13-37
236            <intent-filter>
236-->[androidx.work:work-runtime:2.2.0] AndroidManifest.xml:107:13-111:29
237                <action android:name="android.intent.action.BOOT_COMPLETED" />
237-->[com.evernote:android-job:1.2.6] AndroidManifest.xml:43:17-79
237-->[com.evernote:android-job:1.2.6] AndroidManifest.xml:43:25-76
238                <action android:name="android.intent.action.TIME_SET" />
238-->[androidx.work:work-runtime:2.2.0] AndroidManifest.xml:109:17-73
238-->[androidx.work:work-runtime:2.2.0] AndroidManifest.xml:109:25-70
239                <action android:name="android.intent.action.TIMEZONE_CHANGED" />
239-->[androidx.work:work-runtime:2.2.0] AndroidManifest.xml:110:17-81
239-->[androidx.work:work-runtime:2.2.0] AndroidManifest.xml:110:25-78
240            </intent-filter>
241        </receiver>
242        <receiver
242-->[androidx.work:work-runtime:2.2.0] AndroidManifest.xml:113:9-122:20
243            android:name="androidx.work.impl.background.systemalarm.ConstraintProxyUpdateReceiver"
243-->[androidx.work:work-runtime:2.2.0] AndroidManifest.xml:114:13-99
244            android:directBootAware="false"
244-->[androidx.work:work-runtime:2.2.0] AndroidManifest.xml:115:13-44
245            android:enabled="@bool/enable_system_alarm_service_default"
245-->[androidx.work:work-runtime:2.2.0] AndroidManifest.xml:116:13-72
246            android:exported="false" >
246-->[androidx.work:work-runtime:2.2.0] AndroidManifest.xml:117:13-37
247            <intent-filter>
247-->[androidx.work:work-runtime:2.2.0] AndroidManifest.xml:119:13-121:29
248                <action android:name="androidx.work.impl.background.systemalarm.UpdateProxies" />
248-->[androidx.work:work-runtime:2.2.0] AndroidManifest.xml:120:17-98
248-->[androidx.work:work-runtime:2.2.0] AndroidManifest.xml:120:25-95
249            </intent-filter>
250        </receiver>
251
252        <service
252-->[androidx.room:room-runtime:2.1.0] AndroidManifest.xml:25:9-27:40
253            android:name="androidx.room.MultiInstanceInvalidationService"
253-->[androidx.room:room-runtime:2.1.0] AndroidManifest.xml:26:13-74
254            android:exported="false" />
254-->[androidx.room:room-runtime:2.1.0] AndroidManifest.xml:27:13-37
255
256        <provider
256-->[androidx.lifecycle:lifecycle-process:2.0.0] AndroidManifest.xml:23:9-27:43
257            android:name="androidx.lifecycle.ProcessLifecycleOwnerInitializer"
257-->[androidx.lifecycle:lifecycle-process:2.0.0] AndroidManifest.xml:24:13-79
258            android:authorities="com.fsck.MailBox.debug.lifecycle-process"
258-->[androidx.lifecycle:lifecycle-process:2.0.0] AndroidManifest.xml:25:13-69
259            android:exported="false"
259-->[androidx.lifecycle:lifecycle-process:2.0.0] AndroidManifest.xml:26:13-37
260            android:multiprocess="true" />
260-->[androidx.lifecycle:lifecycle-process:2.0.0] AndroidManifest.xml:27:13-40
261    </application>
262
263</manifest>